2025-05-11T15:00:35.848-03:00  INFO 5056 --- [libraryapi] [main] i.g.waguinhuu.libraryapi.Application     : Starting Application v0.0.1-SNAPSHOT using Java 21.0.2 with PID 5056 (C:\Users\wagne\Documents\Projetos Spring Boot\libraryapi\libraryapi\target\libraryapi-0.0.1-SNAPSHOT.jar started by wagne in C:\Users\wagne\Documents\Projetos Spring Boot\libraryapi\libraryapi)
2025-05-11T15:00:35.851-03:00 DEBUG 5056 --- [libraryapi] [main] i.g.waguinhuu.libraryapi.Application     : Running with Spring Boot v3.3.4, Spring v6.1.13
2025-05-11T15:00:35.852-03:00  INFO 5056 --- [libraryapi] [main] i.g.waguinhuu.libraryapi.Application     : No active profile set, falling back to 1 default profile: "default"
2025-05-11T15:00:41.151-03:00  INFO 5056 --- [libraryapi] [main] i.g.w.l.config.DatabaseConfiguration     : Iniciando conexão com o banco na URL: jdbc:postgresql://localhost:5432/library
2025-05-11T15:00:41.173-03:00  WARN 5056 --- [libraryapi] [main] com.zaxxer.hikari.HikariConfig           : library-db-pool - idleTimeout is close to or more than maxLifetime, disabling it.
2025-05-11T15:00:44.443-03:00 DEBUG 5056 --- [libraryapi] [main] o.s.w.f.ServerHttpObservationFilter      : Filter 'webMvcObservationFilter' configured for use
2025-05-11T15:00:44.446-03:00 DEBUG 5056 --- [libraryapi] [main] i.g.w.l.s.JwtCustomAuthenticationFilter  : Filter 'jwtCustomAuthenticationFilter' configured for use
2025-05-11T15:00:45.692-03:00  WARN 5056 --- [libraryapi] [main] JpaBaseConfiguration$JpaWebConfiguration : spring.jpa.open-in-view is enabled by default. Therefore, database queries may be performed during view rendering. Explicitly configure spring.jpa.open-in-view to disable this warning
2025-05-11T15:00:45.742-03:00 TRACE 5056 --- [libraryapi] [main] eGlobalAuthenticationAutowiredConfigurer : Eagerly initializing {authorizationServerConfiguration=io.github.waguinhuu.libraryapi.config.AuthorizationServerConfiguration$$SpringCGLIB$$0@5c815478, securityConfiguration=io.github.waguinhuu.libraryapi.config.SecurityConfiguration$$SpringCGLIB$$0@2a8eed58}
2025-05-11T15:00:45.753-03:00  INFO 5056 --- [libraryapi] [main] eAuthenticationProviderManagerConfigurer : Global AuthenticationManager configured with AuthenticationProvider bean with name customAuthenticationProvider
2025-05-11T15:00:46.076-03:00 DEBUG 5056 --- [libraryapi] [main] s.w.s.m.m.a.RequestMappingHandlerMapping : 21 mappings in 'requestMappingHandlerMapping'
2025-05-11T15:00:46.108-03:00 DEBUG 5056 --- [libraryapi] [main] o.s.w.s.handler.SimpleUrlHandlerMapping  : Patterns [/login] in 'viewControllerHandlerMapping'
2025-05-11T15:00:46.164-03:00 DEBUG 5056 --- [libraryapi] [main] o.s.w.s.handler.SimpleUrlHandlerMapping  : Patterns [/swagger-ui*/*swagger-initializer.js, /swagger-ui*/**] in 'resourceHandlerMapping'
2025-05-11T15:00:47.462-03:00 DEBUG 5056 --- [libraryapi] [main] o.s.s.web.DefaultSecurityFilterChain     : Will secure org.springframework.security.oauth2.server.authorization.config.annotation.web.configurers.OAuth2AuthorizationServerConfigurer$$Lambda/0x000002a141b18ce0@75e32c4c with filters: DisableEncodeUrlFilter, WebAsyncManagerIntegrationFilter, SecurityContextHolderFilter, AuthorizationServerContextFilter, HeaderWriterFilter, CsrfFilter, OidcLogoutEndpointFilter, LogoutFilter, OAuth2AuthorizationServerMetadataEndpointFilter, OAuth2AuthorizationEndpointFilter, OAuth2DeviceVerificationEndpointFilter, OidcProviderConfigurationEndpointFilter, NimbusJwkSetEndpointFilter, OAuth2ClientAuthenticationFilter, UsernamePasswordAuthenticationFilter, BearerTokenAuthenticationFilter, RequestCacheAwareFilter, SecurityContextHolderAwareRequestFilter, AnonymousAuthenticationFilter, ExceptionTranslationFilter, AuthorizationFilter, OAuth2TokenEndpointFilter, OAuth2TokenIntrospectionEndpointFilter, OAuth2TokenRevocationEndpointFilter, OAuth2DeviceAuthorizationEndpointFilter, OidcUserInfoEndpointFilter
2025-05-11T15:00:47.555-03:00 DEBUG 5056 --- [libraryapi] [main] o.s.s.web.DefaultSecurityFilterChain     : Will secure any request with filters: DisableEncodeUrlFilter, WebAsyncManagerIntegrationFilter, SecurityContextHolderFilter, HeaderWriterFilter, LogoutFilter, OAuth2AuthorizationRequestRedirectFilter, OAuth2LoginAuthenticationFilter, UsernamePasswordAuthenticationFilter, BearerTokenAuthenticationFilter, JwtCustomAuthenticationFilter, RequestCacheAwareFilter, SecurityContextHolderAwareRequestFilter, AnonymousAuthenticationFilter, ExceptionTranslationFilter, AuthorizationFilter
2025-05-11T15:00:47.573-03:00  WARN 5056 --- [libraryapi] [main] o.s.s.c.a.web.builders.WebSecurity       : You are asking Spring Security to ignore Deferred [Mvc [pattern='/v2/api/docs/**'], Ant [pattern='/v2/api/docs/**']]. This is not recommended -- please use permitAll via HttpSecurity#authorizeHttpRequests instead.
2025-05-11T15:00:47.574-03:00 DEBUG 5056 --- [libraryapi] [main] o.s.s.web.DefaultSecurityFilterChain     : Will not secure Deferred [Mvc [pattern='/v2/api/docs/**'], Ant [pattern='/v2/api/docs/**']]
2025-05-11T15:00:47.574-03:00  WARN 5056 --- [libraryapi] [main] o.s.s.c.a.web.builders.WebSecurity       : You are asking Spring Security to ignore Deferred [Mvc [pattern='/v3/api/docs/**'], Ant [pattern='/v3/api/docs/**']]. This is not recommended -- please use permitAll via HttpSecurity#authorizeHttpRequests instead.
2025-05-11T15:00:47.575-03:00 DEBUG 5056 --- [libraryapi] [main] o.s.s.web.DefaultSecurityFilterChain     : Will not secure Deferred [Mvc [pattern='/v3/api/docs/**'], Ant [pattern='/v3/api/docs/**']]
2025-05-11T15:00:47.575-03:00  WARN 5056 --- [libraryapi] [main] o.s.s.c.a.web.builders.WebSecurity       : You are asking Spring Security to ignore Deferred [Mvc [pattern='/swagger-resources/**'], Ant [pattern='/swagger-resources/**']]. This is not recommended -- please use permitAll via HttpSecurity#authorizeHttpRequests instead.
2025-05-11T15:00:47.575-03:00 DEBUG 5056 --- [libraryapi] [main] o.s.s.web.DefaultSecurityFilterChain     : Will not secure Deferred [Mvc [pattern='/swagger-resources/**'], Ant [pattern='/swagger-resources/**']]
2025-05-11T15:00:47.575-03:00  WARN 5056 --- [libraryapi] [main] o.s.s.c.a.web.builders.WebSecurity       : You are asking Spring Security to ignore Deferred [Mvc [pattern='/swagger-ui.html'], Ant [pattern='/swagger-ui.html']]. This is not recommended -- please use permitAll via HttpSecurity#authorizeHttpRequests instead.
2025-05-11T15:00:47.576-03:00 DEBUG 5056 --- [libraryapi] [main] o.s.s.web.DefaultSecurityFilterChain     : Will not secure Deferred [Mvc [pattern='/swagger-ui.html'], Ant [pattern='/swagger-ui.html']]
2025-05-11T15:00:47.576-03:00  WARN 5056 --- [libraryapi] [main] o.s.s.c.a.web.builders.WebSecurity       : You are asking Spring Security to ignore Deferred [Mvc [pattern='/swagger-ui/**'], Ant [pattern='/swagger-ui/**']]. This is not recommended -- please use permitAll via HttpSecurity#authorizeHttpRequests instead.
2025-05-11T15:00:47.576-03:00 DEBUG 5056 --- [libraryapi] [main] o.s.s.web.DefaultSecurityFilterChain     : Will not secure Deferred [Mvc [pattern='/swagger-ui/**'], Ant [pattern='/swagger-ui/**']]
2025-05-11T15:00:47.576-03:00  WARN 5056 --- [libraryapi] [main] o.s.s.c.a.web.builders.WebSecurity       : You are asking Spring Security to ignore Deferred [Mvc [pattern='/webjars/**'], Ant [pattern='/webjars/**']]. This is not recommended -- please use permitAll via HttpSecurity#authorizeHttpRequests instead.
2025-05-11T15:00:47.577-03:00 DEBUG 5056 --- [libraryapi] [main] o.s.s.web.DefaultSecurityFilterChain     : Will not secure Deferred [Mvc [pattern='/webjars/**'], Ant [pattern='/webjars/**']]
2025-05-11T15:00:47.579-03:00  WARN 5056 --- [libraryapi] [main] o.s.s.c.a.web.builders.WebSecurity       : You are asking Spring Security to ignore Deferred [Mvc [pattern='/actuator/**'], Ant [pattern='/actuator/**']]. This is not recommended -- please use permitAll via HttpSecurity#authorizeHttpRequests instead.
2025-05-11T15:00:47.582-03:00 DEBUG 5056 --- [libraryapi] [main] o.s.s.web.DefaultSecurityFilterChain     : Will not secure Deferred [Mvc [pattern='/actuator/**'], Ant [pattern='/actuator/**']]
2025-05-11T15:00:47.700-03:00 DEBUG 5056 --- [libraryapi] [main] s.w.s.m.m.a.RequestMappingHandlerAdapter : ControllerAdvice beans: 0 @ModelAttribute, 0 @InitBinder, 1 RequestBodyAdvice, 1 ResponseBodyAdvice
2025-05-11T15:00:47.745-03:00 DEBUG 5056 --- [libraryapi] [main] .m.m.a.ExceptionHandlerExceptionResolver : ControllerAdvice beans: 2 @ExceptionHandler, 1 ResponseBodyAdvice
2025-05-11T15:00:48.427-03:00  WARN 5056 --- [libraryapi] [main] ConfigServletWebServerApplicationContext : Exception encountered during context initialization - cancelling refresh attempt: org.springframework.context.ApplicationContextException: Failed to start bean 'webServerStartStop'
2025-05-11T15:00:48.489-03:00 ERROR 5056 --- [libraryapi] [main] o.s.b.d.LoggingFailureAnalysisReporter   : 

***************************
APPLICATION FAILED TO START
***************************

Description:

Web server failed to start. Port 8080 was already in use.

Action:

Identify and stop the process that's listening on port 8080 or configure this application to listen on another port.

2025-05-11T15:01:01.738-03:00  INFO 7724 --- [libraryapi] [main] i.g.waguinhuu.libraryapi.Application     : Starting Application v0.0.1-SNAPSHOT using Java 21.0.2 with PID 7724 (C:\Users\wagne\Documents\Projetos Spring Boot\libraryapi\libraryapi\target\libraryapi-0.0.1-SNAPSHOT.jar started by wagne in C:\Users\wagne\Documents\Projetos Spring Boot\libraryapi\libraryapi)
2025-05-11T15:01:01.741-03:00 DEBUG 7724 --- [libraryapi] [main] i.g.waguinhuu.libraryapi.Application     : Running with Spring Boot v3.3.4, Spring v6.1.13
2025-05-11T15:01:01.743-03:00  INFO 7724 --- [libraryapi] [main] i.g.waguinhuu.libraryapi.Application     : No active profile set, falling back to 1 default profile: "default"
2025-05-11T15:01:06.078-03:00  INFO 7724 --- [libraryapi] [main] i.g.w.l.config.DatabaseConfiguration     : Iniciando conexão com o banco na URL: jdbc:postgresql://localhost:5432/library
2025-05-11T15:01:06.091-03:00  WARN 7724 --- [libraryapi] [main] com.zaxxer.hikari.HikariConfig           : library-db-pool - idleTimeout is close to or more than maxLifetime, disabling it.
2025-05-11T15:01:08.989-03:00 DEBUG 7724 --- [libraryapi] [main] o.s.w.f.ServerHttpObservationFilter      : Filter 'webMvcObservationFilter' configured for use
2025-05-11T15:01:08.996-03:00 DEBUG 7724 --- [libraryapi] [main] i.g.w.l.s.JwtCustomAuthenticationFilter  : Filter 'jwtCustomAuthenticationFilter' configured for use
2025-05-11T15:01:10.153-03:00  WARN 7724 --- [libraryapi] [main] JpaBaseConfiguration$JpaWebConfiguration : spring.jpa.open-in-view is enabled by default. Therefore, database queries may be performed during view rendering. Explicitly configure spring.jpa.open-in-view to disable this warning
2025-05-11T15:01:10.182-03:00 TRACE 7724 --- [libraryapi] [main] eGlobalAuthenticationAutowiredConfigurer : Eagerly initializing {authorizationServerConfiguration=io.github.waguinhuu.libraryapi.config.AuthorizationServerConfiguration$$SpringCGLIB$$0@7a8d6eb3, securityConfiguration=io.github.waguinhuu.libraryapi.config.SecurityConfiguration$$SpringCGLIB$$0@17fbbf0a}
2025-05-11T15:01:10.187-03:00  INFO 7724 --- [libraryapi] [main] eAuthenticationProviderManagerConfigurer : Global AuthenticationManager configured with AuthenticationProvider bean with name customAuthenticationProvider
2025-05-11T15:01:10.399-03:00 DEBUG 7724 --- [libraryapi] [main] s.w.s.m.m.a.RequestMappingHandlerMapping : 21 mappings in 'requestMappingHandlerMapping'
2025-05-11T15:01:10.428-03:00 DEBUG 7724 --- [libraryapi] [main] o.s.w.s.handler.SimpleUrlHandlerMapping  : Patterns [/login] in 'viewControllerHandlerMapping'
2025-05-11T15:01:10.473-03:00 DEBUG 7724 --- [libraryapi] [main] o.s.w.s.handler.SimpleUrlHandlerMapping  : Patterns [/swagger-ui*/*swagger-initializer.js, /swagger-ui*/**] in 'resourceHandlerMapping'
2025-05-11T15:01:11.448-03:00 DEBUG 7724 --- [libraryapi] [main] o.s.s.web.DefaultSecurityFilterChain     : Will secure org.springframework.security.oauth2.server.authorization.config.annotation.web.configurers.OAuth2AuthorizationServerConfigurer$$Lambda/0x0000024999b16938@3e62fe4d with filters: DisableEncodeUrlFilter, WebAsyncManagerIntegrationFilter, SecurityContextHolderFilter, AuthorizationServerContextFilter, HeaderWriterFilter, CsrfFilter, OidcLogoutEndpointFilter, LogoutFilter, OAuth2AuthorizationServerMetadataEndpointFilter, OAuth2AuthorizationEndpointFilter, OAuth2DeviceVerificationEndpointFilter, OidcProviderConfigurationEndpointFilter, NimbusJwkSetEndpointFilter, OAuth2ClientAuthenticationFilter, UsernamePasswordAuthenticationFilter, BearerTokenAuthenticationFilter, RequestCacheAwareFilter, SecurityContextHolderAwareRequestFilter, AnonymousAuthenticationFilter, ExceptionTranslationFilter, AuthorizationFilter, OAuth2TokenEndpointFilter, OAuth2TokenIntrospectionEndpointFilter, OAuth2TokenRevocationEndpointFilter, OAuth2DeviceAuthorizationEndpointFilter, OidcUserInfoEndpointFilter
2025-05-11T15:01:11.508-03:00 DEBUG 7724 --- [libraryapi] [main] o.s.s.web.DefaultSecurityFilterChain     : Will secure any request with filters: DisableEncodeUrlFilter, WebAsyncManagerIntegrationFilter, SecurityContextHolderFilter, HeaderWriterFilter, LogoutFilter, OAuth2AuthorizationRequestRedirectFilter, OAuth2LoginAuthenticationFilter, UsernamePasswordAuthenticationFilter, BearerTokenAuthenticationFilter, JwtCustomAuthenticationFilter, RequestCacheAwareFilter, SecurityContextHolderAwareRequestFilter, AnonymousAuthenticationFilter, ExceptionTranslationFilter, AuthorizationFilter
2025-05-11T15:01:11.524-03:00  WARN 7724 --- [libraryapi] [main] o.s.s.c.a.web.builders.WebSecurity       : You are asking Spring Security to ignore Deferred [Mvc [pattern='/v2/api/docs/**'], Ant [pattern='/v2/api/docs/**']]. This is not recommended -- please use permitAll via HttpSecurity#authorizeHttpRequests instead.
2025-05-11T15:01:11.524-03:00 DEBUG 7724 --- [libraryapi] [main] o.s.s.web.DefaultSecurityFilterChain     : Will not secure Deferred [Mvc [pattern='/v2/api/docs/**'], Ant [pattern='/v2/api/docs/**']]
2025-05-11T15:01:11.525-03:00  WARN 7724 --- [libraryapi] [main] o.s.s.c.a.web.builders.WebSecurity       : You are asking Spring Security to ignore Deferred [Mvc [pattern='/v3/api/docs/**'], Ant [pattern='/v3/api/docs/**']]. This is not recommended -- please use permitAll via HttpSecurity#authorizeHttpRequests instead.
2025-05-11T15:01:11.527-03:00 DEBUG 7724 --- [libraryapi] [main] o.s.s.web.DefaultSecurityFilterChain     : Will not secure Deferred [Mvc [pattern='/v3/api/docs/**'], Ant [pattern='/v3/api/docs/**']]
2025-05-11T15:01:11.527-03:00  WARN 7724 --- [libraryapi] [main] o.s.s.c.a.web.builders.WebSecurity       : You are asking Spring Security to ignore Deferred [Mvc [pattern='/swagger-resources/**'], Ant [pattern='/swagger-resources/**']]. This is not recommended -- please use permitAll via HttpSecurity#authorizeHttpRequests instead.
2025-05-11T15:01:11.528-03:00 DEBUG 7724 --- [libraryapi] [main] o.s.s.web.DefaultSecurityFilterChain     : Will not secure Deferred [Mvc [pattern='/swagger-resources/**'], Ant [pattern='/swagger-resources/**']]
2025-05-11T15:01:11.529-03:00  WARN 7724 --- [libraryapi] [main] o.s.s.c.a.web.builders.WebSecurity       : You are asking Spring Security to ignore Deferred [Mvc [pattern='/swagger-ui.html'], Ant [pattern='/swagger-ui.html']]. This is not recommended -- please use permitAll via HttpSecurity#authorizeHttpRequests instead.
2025-05-11T15:01:11.530-03:00 DEBUG 7724 --- [libraryapi] [main] o.s.s.web.DefaultSecurityFilterChain     : Will not secure Deferred [Mvc [pattern='/swagger-ui.html'], Ant [pattern='/swagger-ui.html']]
2025-05-11T15:01:11.531-03:00  WARN 7724 --- [libraryapi] [main] o.s.s.c.a.web.builders.WebSecurity       : You are asking Spring Security to ignore Deferred [Mvc [pattern='/swagger-ui/**'], Ant [pattern='/swagger-ui/**']]. This is not recommended -- please use permitAll via HttpSecurity#authorizeHttpRequests instead.
2025-05-11T15:01:11.531-03:00 DEBUG 7724 --- [libraryapi] [main] o.s.s.web.DefaultSecurityFilterChain     : Will not secure Deferred [Mvc [pattern='/swagger-ui/**'], Ant [pattern='/swagger-ui/**']]
2025-05-11T15:01:11.531-03:00  WARN 7724 --- [libraryapi] [main] o.s.s.c.a.web.builders.WebSecurity       : You are asking Spring Security to ignore Deferred [Mvc [pattern='/webjars/**'], Ant [pattern='/webjars/**']]. This is not recommended -- please use permitAll via HttpSecurity#authorizeHttpRequests instead.
2025-05-11T15:01:11.532-03:00 DEBUG 7724 --- [libraryapi] [main] o.s.s.web.DefaultSecurityFilterChain     : Will not secure Deferred [Mvc [pattern='/webjars/**'], Ant [pattern='/webjars/**']]
2025-05-11T15:01:11.532-03:00  WARN 7724 --- [libraryapi] [main] o.s.s.c.a.web.builders.WebSecurity       : You are asking Spring Security to ignore Deferred [Mvc [pattern='/actuator/**'], Ant [pattern='/actuator/**']]. This is not recommended -- please use permitAll via HttpSecurity#authorizeHttpRequests instead.
2025-05-11T15:01:11.532-03:00 DEBUG 7724 --- [libraryapi] [main] o.s.s.web.DefaultSecurityFilterChain     : Will not secure Deferred [Mvc [pattern='/actuator/**'], Ant [pattern='/actuator/**']]
2025-05-11T15:01:11.628-03:00 DEBUG 7724 --- [libraryapi] [main] s.w.s.m.m.a.RequestMappingHandlerAdapter : ControllerAdvice beans: 0 @ModelAttribute, 0 @InitBinder, 1 RequestBodyAdvice, 1 ResponseBodyAdvice
2025-05-11T15:01:11.675-03:00 DEBUG 7724 --- [libraryapi] [main] .m.m.a.ExceptionHandlerExceptionResolver : ControllerAdvice beans: 2 @ExceptionHandler, 1 ResponseBodyAdvice
2025-05-11T15:01:12.505-03:00 DEBUG 7724 --- [libraryapi] [main] s.w.s.m.m.a.RequestMappingHandlerMapping : 1 mappings in 'requestMappingHandlerMapping'
2025-05-11T15:01:12.507-03:00 DEBUG 7724 --- [libraryapi] [main] o.s.w.s.handler.SimpleUrlHandlerMapping  : Patterns [/login] in 'viewControllerHandlerMapping'
2025-05-11T15:01:12.514-03:00 DEBUG 7724 --- [libraryapi] [main] o.s.w.s.handler.SimpleUrlHandlerMapping  : Patterns [/swagger-ui*/*swagger-initializer.js, /swagger-ui*/**] in 'resourceHandlerMapping'
2025-05-11T15:01:12.524-03:00 DEBUG 7724 --- [libraryapi] [main] s.w.s.m.m.a.RequestMappingHandlerAdapter : ControllerAdvice beans: 0 @ModelAttribute, 0 @InitBinder, 1 RequestBodyAdvice, 1 ResponseBodyAdvice
2025-05-11T15:01:12.570-03:00  INFO 7724 --- [libraryapi] [main] i.g.waguinhuu.libraryapi.Application     : Started Application in 11.468 seconds (process running for 12.126)
